11:13:02 **** Incremental Build of configuration Debug for project m13_iot_ping ****
make -j16 all 
arm-none-eabi-gcc "../Core/Src/Server_task.c" -mcpu=cortex-m7 -std=gnu11 -g3 -DDEBUG -DUSE_HAL_DRIVER -DSTM32F767xx -c -I../Core/Inc -I../LWIP/App -I../LWIP/Target -I../Middlewares/Third_Party/LwIP/src/include -I../Middlewares/Third_Party/LwIP/system -I../Drivers/STM32F7xx_HAL_Driver/Inc -I../Drivers/STM32F7xx_HAL_Driver/Inc/Legacy -I../Middlewares/Third_Party/FreeRTOS/Source/include -I../Middlewares/Third_Party/FreeRTOS/Source/CMSIS_RTOS -I../Middlewares/Third_Party/FreeRTOS/Source/portable/GCC/ARM_CM7/r0p1 -I../Drivers/BSP/Components/lan8742 -I../Middlewares/Third_Party/LwIP/src/include/netif/ppp -I../Drivers/CMSIS/Device/ST/STM32F7xx/Include -I../Middlewares/Third_Party/LwIP/src/include/lwip -I../Middlewares/Third_Party/LwIP/src/include/lwip/apps -I../Middlewares/Third_Party/LwIP/src/include/lwip/priv -I../Middlewares/Third_Party/LwIP/src/include/lwip/prot -I../Middlewares/Third_Party/LwIP/src/include/netif -I../Middlewares/Third_Party/LwIP/src/include/compat/posix -I../Middlewares/Third_Party/LwIP/src/include/compat/posix/arpa -I../Middlewares/Third_Party/LwIP/src/include/compat/posix/net -I../Middlewares/Third_Party/LwIP/src/include/compat/posix/sys -I../Middlewares/Third_Party/LwIP/src/include/compat/stdc -I../Middlewares/Third_Party/LwIP/system/arch -I../Drivers/CMSIS/Include -O0 -ffunction-sections -fdata-sections -Wall -fstack-usage -fcyclomatic-complexity -MMD -MP -MF"Core/Src/Server_task.d" -MT"Core/Src/Server_task.o" --specs=nano.specs -mfpu=fpv5-d16 -mfloat-abi=hard -mthumb -o "Core/Src/Server_task.o"
../Core/Src/Server_task.c: In function 'StartServerTask':
../Core/Src/Server_task.c:91:48: warning: implicit declaration of function 'get_node_index' [-Wimplicit-function-declaration]
   91 |                                 uint8_t node = get_node_index(msg);
      |                                                ^~~~~~~~~~~~~~
../Core/Src/Server_task.c:93:33: warning: implicit declaration of function 'fram_update_rms'; did you mean 'fram_update_top10'? [-Wimplicit-function-declaration]
   93 |                                 fram_update_rms(node, &recep);
      |                                 ^~~~~~~~~~~~~~~
      |                                 fram_update_top10
../Core/Src/Server_task.c:26:19: warning: unused variable 'client_ip' [-Wunused-variable]
   26 |         ip_addr_t client_ip;
      |                   ^~~~~~~~~
In file included from ../Core/Inc/tasks.h:20,
                 from ../Core/Src/Server_task.c:8:
../Core/Inc/Methodes.h: At top level:
../Core/Inc/Methodes.h:108:24: warning: 'ntp_pcb' defined but not used [-Wunused-variable]
  108 | static struct udp_pcb *ntp_pcb;
      |                        ^~~~~~~
arm-none-eabi-gcc -o "m13_iot_ping.elf" @"objects.list"   -mcpu=cortex-m7 -T"D:\FICHIERS\Thibault\Documents\M1\µControlleur\Projet\Projet-de-reseau-embarqu-Detection-distribuee-de-secousses-sismiques\m13_iot_ping\STM32F767ZITX_FLASH.ld" --specs=nosys.specs -Wl,-Map="m13_iot_ping.map" -Wl,--gc-sections -static -u _printf_float -u _printf_float -u _scanf_float --specs=nano.specs -mfpu=fpv5-d16 -mfloat-abi=hard -mthumb -u _printf_float -u _scanf_float -Wl,--start-group -lc -lm -Wl,--end-group
Finished building target: m13_iot_ping.elf
 
arm-none-eabi-size  m13_iot_ping.elf 
arm-none-eabi-objdump -h -S m13_iot_ping.elf  > "m13_iot_ping.list"
   text	   data	    bss	    dec	    hex	filename
 162764	    840	 429544	 593148	  90cfc	m13_iot_ping.elf
Finished building: default.size.stdout
 
Finished building: m13_iot_ping.list
 

11:13:03 Build Finished. 0 errors, 4 warnings. (took 1s.556ms)

